# JRE version: OpenJDK Runtime Environment (21.0.3) (build 21.0.3+-12282718-b509.11)
# Java VM: OpenJDK 64-Bit Server VM (21.0.3+-12282718-b509.11, mixed mode, tiered, compressed oops, compressed class ptrs, g1 gc, windows-amd64)
GC Precious Log:
 CardTable entry size: 512
 Card Set container configuration: InlinePtr #cards 5 size 8 Array Of Cards #cards 12 size 40 Howl #buckets 4 coarsen threshold 1843 Howl Bitmap #cards 512 size 80 coarsen threshold 460 Card regions per heap region 1 cards per card region 2048
 CPUs: 12 total, 12 available
 Memory: 5985M
 Large Page Support: Disabled
 NUMA Support: Disabled
 Compressed Oops: Enabled (32-bit)
 Heap Region Size: 1M
 Heap Min Capacity: 8M
 Heap Initial Capacity: 94M
 Heap Max Capacity: 2G
 Pre-touch: Disabled
 Parallel Workers: 10
 Concurrent Workers: 3
 Concurrent Refinement Workers: 10
 Periodic GC: Disabled
Heap:
 garbage-first heap   total 205824K, used 165724K [0x0000000080000000, 0x0000000100000000)
  region size 1024K, 68 young (69632K), 4 survivors (4096K)
 Metaspace       used 107537K, committed 109568K, reserved 1179648K
  class space    used 14715K, committed 15744K, reserved 1048576K
GC Heap History (20 events):
Event: 17.215 GC heap before
{Heap before GC invocations=21 (full 0):
 garbage-first heap   total 112640K, used 100579K [0x0000000080000000, 0x0000000100000000)
  region size 1024K, 31 young (31744K), 6 survivors (6144K)
 Metaspace       used 73830K, committed 75520K, reserved 1114112K
  class space    used 9989K, committed 10816K, reserved 1048576K
}
Event: 17.222 GC heap after
{Heap after GC invocations=22 (full 0):
 garbage-first heap   total 112640K, used 76036K [0x0000000080000000, 0x0000000100000000)
  region size 1024K, 1 young (1024K), 1 survivors (1024K)
 Metaspace       used 73830K, committed 75520K, reserved 1114112K
  class space    used 9989K, committed 10816K, reserved 1048576K
}
Event: 17.703 GC heap before
{Heap before GC invocations=22 (full 0):
 garbage-first heap   total 112640K, used 101636K [0x0000000080000000, 0x0000000100000000)
  region size 1024K, 27 young (27648K), 1 survivors (1024K)
 Metaspace       used 77077K, committed 78784K, reserved 1179648K
  class space    used 10340K, committed 11200K, reserved 1048576K
}
Event: 17.708 GC heap after
{Heap after GC invocations=23 (full 0):
 garbage-first heap   total 135168K, used 76644K [0x0000000080000000, 0x0000000100000000)
  region size 1024K, 2 young (2048K), 2 survivors (2048K)
 Metaspace       used 77077K, committed 78784K, reserved 1179648K
  class space    used 10340K, committed 11200K, reserved 1048576K
}
Event: 18.400 GC heap before
{Heap before GC invocations=24 (full 0):
 garbage-first heap   total 135168K, used 126820K [0x0000000080000000, 0x0000000100000000)
  region size 1024K, 47 young (48128K), 2 survivors (2048K)
 Metaspace       used 80355K, committed 82048K, reserved 1179648K
  class space    used 10864K, committed 11712K, reserved 1048576K
}
Event: 18.406 GC heap after
{Heap after GC invocations=25 (full 0):
 garbage-first heap   total 135168K, used 82300K [0x0000000080000000, 0x0000000100000000)
  region size 1024K, 6 young (6144K), 6 survivors (6144K)
 Metaspace       used 80355K, committed 82048K, reserved 1179648K
  class space    used 10864K, committed 11712K, reserved 1048576K
}
Event: 18.995 GC heap before
{Heap before GC invocations=25 (full 0):
 garbage-first heap   total 135168K, used 120188K [0x0000000080000000, 0x0000000100000000)
  region size 1024K, 43 young (44032K), 6 survivors (6144K)
 Metaspace       used 83335K, committed 85120K, reserved 1179648K
  class space    used 11235K, committed 12096K, reserved 1048576K
}
Event: 19.002 GC heap after
{Heap after GC invocations=26 (full 0):
 garbage-first heap   total 135168K, used 84072K [0x0000000080000000, 0x0000000100000000)
  region size 1024K, 3 young (3072K), 3 survivors (3072K)
 Metaspace       used 83335K, committed 85120K, reserved 1179648K
  class space    used 11235K, committed 12096K, reserved 1048576K
}
Event: 19.613 GC heap before
{Heap before GC invocations=26 (full 0):
 garbage-first heap   total 135168K, used 114792K [0x0000000080000000, 0x0000000100000000)
  region size 1024K, 34 young (34816K), 3 survivors (3072K)
 Metaspace       used 86797K, committed 88640K, reserved 1179648K
  class space    used 11689K, committed 12608K, reserved 1048576K
}
Event: 19.618 GC heap after
{Heap after GC invocations=27 (full 0):
 garbage-first heap   total 135168K, used 85362K [0x0000000080000000, 0x0000000100000000)
  region size 1024K, 4 young (4096K), 4 survivors (4096K)
 Metaspace       used 86797K, committed 88640K, reserved 1179648K
  class space    used 11689K, committed 12608K, reserved 1048576K
}
Event: 20.257 GC heap before
{Heap before GC invocations=28 (full 0):
 garbage-first heap   total 155648K, used 125298K [0x0000000080000000, 0x0000000100000000)
  region size 1024K, 39 young (39936K), 4 survivors (4096K)
 Metaspace       used 91088K, committed 92864K, reserved 1179648K
  class space    used 12260K, committed 13184K, reserved 1048576K
}
Event: 20.263 GC heap after
{Heap after GC invocations=29 (full 0):
 garbage-first heap   total 155648K, used 91271K [0x0000000080000000, 0x0000000100000000)
  region size 1024K, 4 young (4096K), 4 survivors (4096K)
 Metaspace       used 91088K, committed 92864K, reserved 1179648K
  class space    used 12260K, committed 13184K, reserved 1048576K
}
Event: 21.029 GC heap before
{Heap before GC invocations=29 (full 0):
 garbage-first heap   total 155648K, used 139399K [0x0000000080000000, 0x0000000100000000)
  region size 1024K, 51 young (52224K), 4 survivors (4096K)
 Metaspace       used 93877K, committed 95744K, reserved 1179648K
  class space    used 12635K, committed 13568K, reserved 1048576K
}
Event: 21.040 GC heap after
{Heap after GC invocations=30 (full 0):
 garbage-first heap   total 155648K, used 94243K [0x0000000080000000, 0x0000000100000000)
  region size 1024K, 7 young (7168K), 7 survivors (7168K)
 Metaspace       used 93877K, committed 95744K, reserved 1179648K
  class space    used 12635K, committed 13568K, reserved 1048576K
}
Event: 21.720 GC heap before
{Heap before GC invocations=30 (full 0):
 garbage-first heap   total 155648K, used 138275K [0x0000000080000000, 0x0000000100000000)
  region size 1024K, 50 young (51200K), 7 survivors (7168K)
 Metaspace       used 95395K, committed 97216K, reserved 1179648K
  class space    used 12829K, committed 13760K, reserved 1048576K
}
Event: 21.730 GC heap after
{Heap after GC invocations=31 (full 0):
 garbage-first heap   total 155648K, used 97806K [0x0000000080000000, 0x0000000100000000)
  region size 1024K, 7 young (7168K), 7 survivors (7168K)
 Metaspace       used 95395K, committed 97216K, reserved 1179648K
  class space    used 12829K, committed 13760K, reserved 1048576K
}
Event: 22.446 GC heap before
{Heap before GC invocations=32 (full 0):
 garbage-first heap   total 171008K, used 138766K [0x0000000080000000, 0x0000000100000000)
  region size 1024K, 47 young (48128K), 7 survivors (7168K)
 Metaspace       used 98412K, committed 100352K, reserved 1179648K
  class space    used 13332K, committed 14272K, reserved 1048576K
}
Event: 22.454 GC heap after
{Heap after GC invocations=33 (full 0):
 garbage-first heap   total 171008K, used 99102K [0x0000000080000000, 0x0000000100000000)
  region size 1024K, 2 young (2048K), 2 survivors (2048K)
 Metaspace       used 98412K, committed 100352K, reserved 1179648K
  class space    used 13332K, committed 14272K, reserved 1048576K
}
Event: 23.386 GC heap before
{Heap before GC invocations=33 (full 0):
 garbage-first heap   total 171008K, used 156446K [0x0000000080000000, 0x0000000100000000)
  region size 1024K, 58 young (59392K), 2 survivors (2048K)
 Metaspace       used 102884K, committed 104832K, reserved 1179648K
  class space    used 14052K, committed 15040K, reserved 1048576K
}
Event: 23.394 GC heap after
{Heap after GC invocations=34 (full 0):
 garbage-first heap   total 205824K, used 101212K [0x0000000080000000, 0x0000000100000000)
  region size 1024K, 4 young (4096K), 4 survivors (4096K)
 Metaspace       used 102884K, committed 104832K, reserved 1179648K
  class space    used 14052K, committed 15040K, reserved 1048576K
}

